[debug] [2017-08-28T07:53:45.529Z] ----------------------------------------------------------------------
[debug] [2017-08-28T07:53:45.531Z] Command:       /Users/shota.nagao/.nodebrew/node/v6.11.2/bin/node /Users/shota.nagao/.nodebrew/current/bin/firebase deploy --only functions
[debug] [2017-08-28T07:53:45.532Z] CLI Version:   3.9.2
[debug] [2017-08-28T07:53:45.532Z] Platform:      darwin
[debug] [2017-08-28T07:53:45.532Z] Node Version:  v6.11.2
[debug] [2017-08-28T07:53:45.532Z] Time:          Mon Aug 28 2017 16:53:45 GMT+0900 (JST)
[debug] [2017-08-28T07:53:45.532Z] ----------------------------------------------------------------------
[debug] 
[debug] [2017-08-28T07:53:45.549Z] > command requires scopes: ["email","openid","https://www.googleapis.com/auth/cloudplatformprojects.readonly","https://www.googleapis.com/auth/firebase","https://www.googleapis.com/auth/cloud-platform"]
[debug] [2017-08-28T07:53:45.549Z] > authorizing via signed-in user
[debug] [2017-08-28T07:53:45.552Z] >>> HTTP REQUEST GET https://admin.firebase.com/v1/projects/training-a0bb4  
 Mon Aug 28 2017 16:53:45 GMT+0900 (JST)
[debug] [2017-08-28T07:53:46.378Z] <<< HTTP RESPONSE 200
[debug] [2017-08-28T07:53:46.379Z] >>> HTTP REQUEST GET https://admin.firebase.com/v1/database/training-a0bb4/tokens  
 Mon Aug 28 2017 16:53:46 GMT+0900 (JST)
[debug] [2017-08-28T07:53:46.995Z] <<< HTTP RESPONSE 200
[info] 
[info] === Deploying to 'training-a0bb4'...
[info] 
[info] i  deploying functions
[debug] [2017-08-28T07:53:48.340Z] > [functions] package.json contents: {
  "name": "functions",
  "description": "Cloud Functions for Firebase",
  "dependencies": {
    "express": "^4.14.1",
    "express-handlebars": "^3.0.0",
    "firebase-admin": "^4.1.2",
    "firebase-functions": "^0.5.9",
    "handlebars": "^4.0.8"
  },
  "private": true
}
[info] i  functions: ensuring necessary APIs are enabled...
[info] i  runtimeconfig: ensuring necessary APIs are enabled...
[debug] [2017-08-28T07:53:48.342Z] >>> HTTP REQUEST GET https://servicemanagement.googleapis.com/v1/services/cloudfunctions.googleapis.com/projectSettings/training-a0bb4?view=CONSUMER_VIEW  
 Mon Aug 28 2017 16:53:48 GMT+0900 (JST)
[debug] [2017-08-28T07:53:48.342Z] >>> HTTP REQUEST GET https://servicemanagement.googleapis.com/v1/services/runtimeconfig.googleapis.com/projectSettings/training-a0bb4?view=CONSUMER_VIEW  
 Mon Aug 28 2017 16:53:48 GMT+0900 (JST)
